This file contains any messages produced by compilers while
running configure, to aid debugging if configure makes a mistake.

It was created by core3 configure 1.0, which was
generated by GNU Autoconf 2.61.  Invocation command line was

  $ ../../configure 

## --------- ##
## Platform. ##
## --------- ##

hostname = joe-a3bbb575c6b
uname -m = i686
uname -r = 1.5.25(0.156/4/2)
uname -s = CYGWIN_NT-5.1
uname -v = 2008-03-05 19:27

/usr/bin/uname -p = unknown
/bin/uname -X     = unknown

/bin/arch              = i686
/usr/bin/arch -k       = unknown
/usr/convex/getsysinfo = unknown
/usr/bin/hostinfo      = unknown
/bin/machine           = unknown
/usr/bin/oslevel       = unknown
/bin/universe          = unknown

PATH: /usr/local/bin
PATH: /usr/bin
PATH: /bin
PATH: /usr/X11R6/bin
PATH: /cygdrive/c/WINDOWS/system32
PATH: /cygdrive/c/WINDOWS
PATH: /cygdrive/c/WINDOWS/System32/Wbem
PATH: /cygdrive/c/Program Files/Microsoft SQL Server/90/Tools/binn/
PATH: /usr/bin
PATH: /cygdrive/c/Program Files/MySQL/MySQL Server 5.0/bin
PATH: /usr/lib/lapack


## ----------- ##
## Core tests. ##
## ----------- ##

configure:1743: checking build system type
configure:1761: result: i686-pc-cygwin
configure:1783: checking host system type
configure:1798: result: i686-pc-cygwin
configure:1820: checking target system type
configure:1835: result: i686-pc-cygwin
configure:1913: checking for a BSD-compatible install
configure:1969: result: /usr/bin/install -c
configure:1980: checking whether build environment is sane
configure:2023: result: yes
configure:2051: checking for a thread-safe mkdir -p
configure:2090: result: /usr/bin/mkdir -p
configure:2103: checking for gawk
configure:2119: found /usr/bin/gawk
configure:2130: result: gawk
configure:2141: checking whether make sets $(MAKE)
configure:2162: result: yes
configure:2411: checking for g++
configure:2427: found /usr/bin/g++
configure:2438: result: g++
configure:2469: checking for C++ compiler version
configure:2476: g++ --version >&5
g++ (GCC) 3.4.4 (cygming special, gdc 0.12, using dmd 0.125)
Copyright (C) 2004 Free Software Foundation, Inc.
This is free software; see the source for copying conditions.  There is NO
warranty; not even for MERCHANTABILITY or FITNESS FOR A PARTICULAR PURPOSE.

configure:2479: $? = 0
configure:2486: g++ -v >&5
Reading specs from /usr/lib/gcc/i686-pc-cygwin/3.4.4/specs
Configured with: /usr/build/package/orig/test.respin/gcc-3.4.4-3/configure --verbose --prefix=/usr --exec-prefix=/usr --sysconfdir=/etc --libdir=/usr/lib --libexecdir=/usr/lib --mandir=/usr/share/man --infodir=/usr/share/info --enable-languages=c,ada,c++,d,f77,pascal,java,objc --enable-nls --without-included-gettext --enable-version-specific-runtime-libs --without-x --enable-libgcj --disable-java-awt --with-system-zlib --enable-interpreter --disable-libgcj-debug --enable-threads=posix --enable-java-gc=boehm --disable-win32-registry --enable-sjlj-exceptions --enable-hash-synchronization --enable-libstdcxx-debug
Thread model: posix
gcc version 3.4.4 (cygming special, gdc 0.12, using dmd 0.125)
configure:2489: $? = 0
configure:2496: g++ -V >&5
g++: `-V' option must have argument
configure:2499: $? = 1
configure:2522: checking for C++ compiler default output file name
configure:2549: g++      conftest.cpp  >&5
configure:2552: $? = 0
configure:2590: result: a.exe
configure:2607: checking whether the C++ compiler works
configure:2617: ./a.exe
configure:2620: $? = 0
configure:2637: result: yes
configure:2644: checking whether we are cross compiling
configure:2646: result: no
configure:2649: checking for suffix of executables
configure:2656: g++ -o conftest.exe      conftest.cpp  >&5
configure:2659: $? = 0
configure:2683: result: .exe
configure:2689: checking for suffix of object files
configure:2715: g++ -c     conftest.cpp >&5
configure:2718: $? = 0
configure:2741: result: o
configure:2745: checking whether we are using the GNU C++ compiler
configure:2774: g++ -c     conftest.cpp >&5
configure:2780: $? = 0
configure:2797: result: yes
configure:2802: checking whether g++ accepts -g
configure:2832: g++ -c -g  conftest.cpp >&5
configure:2838: $? = 0
configure:2937: result: yes
configure:2971: checking for style of include used by make
configure:2999: result: GNU
configure:3024: checking dependency style of g++
configure:3115: result: gcc3
configure:3173: checking for ranlib
configure:3189: found /usr/bin/ranlib
configure:3200: result: ranlib
configure:3372: creating ./config.status

## ---------------------- ##
## Running config.status. ##
## ---------------------- ##

This file was extended by core3 config.status 1.0, which was
generated by GNU Autoconf 2.61.  Invocation command line was

  CONFIG_FILES    = 
  CONFIG_HEADERS  = 
  CONFIG_LINKS    = 
  CONFIG_COMMANDS = 
  $ ./config.status 

on joe-a3bbb575c6b

config.status:651: creating Makefile
config.status:651: creating src/Makefile
config.status:651: creating config.h
config.status:860: config.h is unchanged
config.status:907: executing depfiles commands

## ---------------- ##
## Cache variables. ##
## ---------------- ##

ac_cv_build=i686-pc-cygwin
ac_cv_cxx_compiler_gnu=yes
ac_cv_env_CCC_set=
ac_cv_env_CCC_value=
ac_cv_env_CPPFLAGS_set=
ac_cv_env_CPPFLAGS_value=
ac_cv_env_CXXFLAGS_set=
ac_cv_env_CXXFLAGS_value=
ac_cv_env_CXX_set=
ac_cv_env_CXX_value=
ac_cv_env_LDFLAGS_set=
ac_cv_env_LDFLAGS_value=
ac_cv_env_LIBS_set=
ac_cv_env_LIBS_value=
ac_cv_env_build_alias_set=
ac_cv_env_build_alias_value=
ac_cv_env_host_alias_set=
ac_cv_env_host_alias_value=
ac_cv_env_target_alias_set=
ac_cv_env_target_alias_value=
ac_cv_exeext=.exe
ac_cv_host=i686-pc-cygwin
ac_cv_objext=o
ac_cv_path_install='/usr/bin/install -c'
ac_cv_path_mkdir=/usr/bin/mkdir
ac_cv_prog_AWK=gawk
ac_cv_prog_ac_ct_CXX=g++
ac_cv_prog_ac_ct_RANLIB=ranlib
ac_cv_prog_cxx_g=yes
ac_cv_prog_make_make_set=yes
ac_cv_target=i686-pc-cygwin
am_cv_CXX_dependencies_compiler_type=gcc3

## ----------------- ##
## Output variables. ##
## ----------------- ##

ACLOCAL='${SHELL} /home/Administrator/workspace/MMOCoreORB/build/unix/config/missing --run aclocal-1.10'
AMDEPBACKSLASH='\'
AMDEP_FALSE='#'
AMDEP_TRUE=''
AMTAR='${SHELL} /home/Administrator/workspace/MMOCoreORB/build/unix/config/missing --run tar'
AUTOCONF='${SHELL} /home/Administrator/workspace/MMOCoreORB/build/unix/config/missing --run autoconf'
AUTOHEADER='${SHELL} /home/Administrator/workspace/MMOCoreORB/build/unix/config/missing --run autoheader'
AUTOMAKE='${SHELL} /home/Administrator/workspace/MMOCoreORB/build/unix/config/missing --run automake-1.10'
AWK='gawk'
CFLAGS=''
CPPFLAGS=''
CXX='g++'
CXXDEPMODE='depmode=gcc3'
CXXFLAGS='  '
CYGPATH_W='cygpath -w'
DEFS='-DHAVE_CONFIG_H'
DEPDIR='.deps'
ECHO_C=''
ECHO_N='-n'
ECHO_T=''
EXEEXT='.exe'
INSTALL_DATA='${INSTALL} -m 644'
INSTALL_PROGRAM='${INSTALL}'
INSTALL_SCRIPT='${INSTALL}'
INSTALL_STRIP_PROGRAM='$(install_sh) -c -s'
LDFLAGS=''
LIBOBJS=''
LIBS=''
LTLIBOBJS=''
MAKEINFO='${SHELL} /home/Administrator/workspace/MMOCoreORB/build/unix/config/missing --run makeinfo'
OBJEXT='o'
PACKAGE='core3'
PACKAGE_BUGREPORT=''
PACKAGE_NAME='core3'
PACKAGE_STRING='core3 1.0'
PACKAGE_TARNAME='core3'
PACKAGE_VERSION='1.0'
PATH_SEPARATOR=':'
RANLIB='ranlib'
SET_MAKE=''
SHELL='/bin/sh'
STRIP=''
SYSTEM_INCLUDES=''
SYSTEM_LIBS='-lpthread -lwsock32'
USER_INCLUDES_PATH='/usr/local/include'
USER_LIBS_PATH='/usr/local/lib'
VERSION='1.0'
ac_ct_CXX='g++'
am__fastdepCXX_FALSE='#'
am__fastdepCXX_TRUE=''
am__include='include'
am__isrc=' -I$(srcdir)'
am__leading_dot='.'
am__quote=''
am__tar='${AMTAR} chof - "$$tardir"'
am__untar='${AMTAR} xf -'
bindir='${exec_prefix}/bin'
build='i686-pc-cygwin'
build_alias=''
build_cpu='i686'
build_os='cygwin'
build_vendor='pc'
datadir='${datarootdir}'
datarootdir='${prefix}/share'
docdir='${datarootdir}/doc/${PACKAGE_TARNAME}'
dvidir='${docdir}'
exec_prefix='${prefix}'
host='i686-pc-cygwin'
host_alias=''
host_cpu='i686'
host_os='cygwin'
host_vendor='pc'
htmldir='${docdir}'
includedir='${prefix}/include'
infodir='${datarootdir}/info'
install_sh='$(SHELL) /home/Administrator/workspace/MMOCoreORB/build/unix/config/install-sh'
libdir='${exec_prefix}/lib'
libexecdir='${exec_prefix}/libexec'
localedir='${datarootdir}/locale'
localstatedir='${prefix}/var'
mandir='${datarootdir}/man'
mkdir_p='/usr/bin/mkdir -p'
oldincludedir='/usr/include'
pdfdir='${docdir}'
prefix='/usr/local'
program_transform_name='s,x,x,'
psdir='${docdir}'
sbindir='${exec_prefix}/sbin'
sharedstatedir='${prefix}/com'
sysconfdir='${prefix}/etc'
target='i686-pc-cygwin'
target_alias=''
target_cpu='i686'
target_os='cygwin'
target_vendor='pc'

## ----------- ##
## confdefs.h. ##
## ----------- ##

#define PACKAGE_NAME "core3"
#define PACKAGE_TARNAME "core3"
#define PACKAGE_VERSION "1.0"
#define PACKAGE_STRING "core3 1.0"
#define PACKAGE_BUGREPORT ""
#define PACKAGE "core3"
#define VERSION "1.0"

configure: exit 0
