This file contains any messages produced by compilers while
running configure, to aid debugging if configure makes a mistake.

It was created by core3 configure 1.0, which was
generated by GNU Autoconf 2.61.  Invocation command line was

  $ ../../configure 

## --------- ##
## Platform. ##
## --------- ##

hostname = bme-ugzbf6mmj1g
uname -m = i686
uname -r = 1.5.25(0.156/4/2)
uname -s = CYGWIN_NT-5.1
uname -v = 2008-06-12 19:34

/usr/bin/uname -p = unknown
/bin/uname -X     = unknown

/bin/arch              = i686
/usr/bin/arch -k       = unknown
/usr/convex/getsysinfo = unknown
/usr/bin/hostinfo      = unknown
/bin/machine           = unknown
/usr/bin/oslevel       = unknown
/bin/universe          = unknown

PATH: /cygdrive/c/java/jre1.6.0_07/bin/client
PATH: /cygdrive/c/java/jre1.6.0_07/bin
PATH: /cygdrive/c/ruby/bin
PATH: /usr/bin
PATH: /cygdrive/c/WINDOWS/system32
PATH: /cygdrive/c/WINDOWS
PATH: /cygdrive/c/WINDOWS/System32/Wbem
PATH: /cygdrive/d/programming/projects/swgemu/MMOEngine/bin
PATH: /cygdrive/c/Program Files/Microsoft SQL Server/90/Tools/binn/
PATH: /cygdrive/c/Program Files/Subversion/bin
PATH: /cygdrive/c/Program Files/doxygen/bin
PATH: /cygdrive/c/Program Files/IBM/Installation Manager/eclipse/lib
PATH: /cygdrive/c/Program Files/QuickTime/QTSystem/


## ----------- ##
## Core tests. ##
## ----------- ##

configure:1752: checking build system type
configure:1770: result: i686-pc-cygwin
configure:1792: checking host system type
configure:1807: result: i686-pc-cygwin
configure:1829: checking target system type
configure:1844: result: i686-pc-cygwin
configure:1922: checking for a BSD-compatible install
configure:1978: result: /usr/bin/install -c
configure:1989: checking whether build environment is sane
configure:2032: result: yes
configure:2060: checking for a thread-safe mkdir -p
configure:2099: result: /usr/bin/mkdir -p
configure:2112: checking for gawk
configure:2128: found /usr/bin/gawk
configure:2139: result: gawk
configure:2150: checking whether make sets $(MAKE)
configure:2171: result: yes
configure:2410: checking for gcc
configure:2426: found /usr/bin/gcc
configure:2437: result: gcc
configure:2675: checking for C compiler version
configure:2682: gcc --version >&5
gcc (GCC) 3.4.4 (cygming special, gdc 0.12, using dmd 0.125)
Copyright (C) 2004 Free Software Foundation, Inc.
This is free software; see the source for copying conditions.  There is NO
warranty; not even for MERCHANTABILITY or FITNESS FOR A PARTICULAR PURPOSE.

configure:2685: $? = 0
configure:2692: gcc -v >&5
Reading specs from /usr/lib/gcc/i686-pc-cygwin/3.4.4/specs
Configured with: /usr/build/package/orig/test.respin/gcc-3.4.4-3/configure --verbose --prefix=/usr --exec-prefix=/usr --sysconfdir=/etc --libdir=/usr/lib --libexecdir=/usr/lib --mandir=/usr/share/man --infodir=/usr/share/info --enable-languages=c,ada,c++,d,f77,pascal,java,objc --enable-nls --without-included-gettext --enable-version-specific-runtime-libs --without-x --enable-libgcj --disable-java-awt --with-system-zlib --enable-interpreter --disable-libgcj-debug --enable-threads=posix --enable-java-gc=boehm --disable-win32-registry --enable-sjlj-exceptions --enable-hash-synchronization --enable-libstdcxx-debug
Thread model: posix
gcc version 3.4.4 (cygming special, gdc 0.12, using dmd 0.125)
configure:2695: $? = 0
configure:2702: gcc -V >&5
gcc: `-V' option must have argument
configure:2705: $? = 1
configure:2728: checking for C compiler default output file name
configure:2755: gcc    conftest.c  >&5
configure:2758: $? = 0
configure:2796: result: a.exe
configure:2813: checking whether the C compiler works
configure:2823: ./a.exe
configure:2826: $? = 0
configure:2843: result: yes
configure:2850: checking whether we are cross compiling
configure:2852: result: no
configure:2855: checking for suffix of executables
configure:2862: gcc -o conftest.exe    conftest.c  >&5
configure:2865: $? = 0
configure:2889: result: .exe
configure:2895: checking for suffix of object files
configure:2921: gcc -c   conftest.c >&5
configure:2924: $? = 0
configure:2947: result: o
configure:2951: checking whether we are using the GNU C compiler
configure:2980: gcc -c   conftest.c >&5
configure:2986: $? = 0
configure:3003: result: yes
configure:3008: checking whether gcc accepts -g
configure:3038: gcc -c -g  conftest.c >&5
configure:3044: $? = 0
configure:3143: result: yes
configure:3160: checking for gcc option to accept ISO C89
configure:3234: gcc  -c -g -O2  conftest.c >&5
configure:3240: $? = 0
configure:3263: result: none needed
configure:3292: checking for style of include used by make
configure:3320: result: GNU
configure:3345: checking dependency style of gcc
configure:3436: result: gcc3
configure:3509: checking for g++
configure:3525: found /usr/bin/g++
configure:3536: result: g++
configure:3567: checking for C++ compiler version
configure:3574: g++ --version >&5
g++ (GCC) 3.4.4 (cygming special, gdc 0.12, using dmd 0.125)
Copyright (C) 2004 Free Software Foundation, Inc.
This is free software; see the source for copying conditions.  There is NO
warranty; not even for MERCHANTABILITY or FITNESS FOR A PARTICULAR PURPOSE.

configure:3577: $? = 0
configure:3584: g++ -v >&5
Reading specs from /usr/lib/gcc/i686-pc-cygwin/3.4.4/specs
Configured with: /usr/build/package/orig/test.respin/gcc-3.4.4-3/configure --verbose --prefix=/usr --exec-prefix=/usr --sysconfdir=/etc --libdir=/usr/lib --libexecdir=/usr/lib --mandir=/usr/share/man --infodir=/usr/share/info --enable-languages=c,ada,c++,d,f77,pascal,java,objc --enable-nls --without-included-gettext --enable-version-specific-runtime-libs --without-x --enable-libgcj --disable-java-awt --with-system-zlib --enable-interpreter --disable-libgcj-debug --enable-threads=posix --enable-java-gc=boehm --disable-win32-registry --enable-sjlj-exceptions --enable-hash-synchronization --enable-libstdcxx-debug
Thread model: posix
gcc version 3.4.4 (cygming special, gdc 0.12, using dmd 0.125)
configure:3587: $? = 0
configure:3594: g++ -V >&5
g++: `-V' option must have argument
configure:3597: $? = 1
configure:3600: checking whether we are using the GNU C++ compiler
configure:3629: g++ -c     conftest.cpp >&5
configure:3635: $? = 0
configure:3652: result: yes
configure:3657: checking whether g++ accepts -g
configure:3687: g++ -c -g  conftest.cpp >&5
configure:3693: $? = 0
configure:3792: result: yes
configure:3817: checking dependency style of g++
configure:3908: result: gcc3
configure:3966: checking for ranlib
configure:3982: found /usr/bin/ranlib
configure:3993: result: ranlib
configure:4172: creating ./config.status

## ---------------------- ##
## Running config.status. ##
## ---------------------- ##

This file was extended by core3 config.status 1.0, which was
generated by GNU Autoconf 2.61.  Invocation command line was

  CONFIG_FILES    = 
  CONFIG_HEADERS  = 
  CONFIG_LINKS    = 
  CONFIG_COMMANDS = 
  $ ./config.status 

on bme-ugzbf6mmj1g

config.status:659: creating Makefile
config.status:659: creating src/Makefile
config.status:659: creating config.h
config.status:868: config.h is unchanged
config.status:915: executing depfiles commands

## ---------------- ##
## Cache variables. ##
## ---------------- ##

ac_cv_build=i686-pc-cygwin
ac_cv_c_compiler_gnu=yes
ac_cv_cxx_compiler_gnu=yes
ac_cv_env_CCC_set=
ac_cv_env_CCC_value=
ac_cv_env_CC_set=
ac_cv_env_CC_value=
ac_cv_env_CFLAGS_set=
ac_cv_env_CFLAGS_value=
ac_cv_env_CPPFLAGS_set=
ac_cv_env_CPPFLAGS_value=
ac_cv_env_CXXFLAGS_set=
ac_cv_env_CXXFLAGS_value=
ac_cv_env_CXX_set=
ac_cv_env_CXX_value=
ac_cv_env_LDFLAGS_set=
ac_cv_env_LDFLAGS_value=
ac_cv_env_LIBS_set=
ac_cv_env_LIBS_value=
ac_cv_env_build_alias_set=
ac_cv_env_build_alias_value=
ac_cv_env_host_alias_set=
ac_cv_env_host_alias_value=
ac_cv_env_target_alias_set=
ac_cv_env_target_alias_value=
ac_cv_exeext=.exe
ac_cv_host=i686-pc-cygwin
ac_cv_objext=o
ac_cv_path_install='/usr/bin/install -c'
ac_cv_path_mkdir=/usr/bin/mkdir
ac_cv_prog_AWK=gawk
ac_cv_prog_ac_ct_CC=gcc
ac_cv_prog_ac_ct_CXX=g++
ac_cv_prog_ac_ct_RANLIB=ranlib
ac_cv_prog_cc_c89=
ac_cv_prog_cc_g=yes
ac_cv_prog_cxx_g=yes
ac_cv_prog_make_make_set=yes
ac_cv_target=i686-pc-cygwin
am_cv_CC_dependencies_compiler_type=gcc3
am_cv_CXX_dependencies_compiler_type=gcc3

## ----------------- ##
## Output variables. ##
## ----------------- ##

ACLOCAL='${SHELL} /cygdrive/d/Programming/Projects/swgemupub/MMOCoreORB/build/unix/config/missing --run aclocal-1.10'
AMDEPBACKSLASH='\'
AMDEP_FALSE='#'
AMDEP_TRUE=''
AMTAR='${SHELL} /cygdrive/d/Programming/Projects/swgemupub/MMOCoreORB/build/unix/config/missing --run tar'
AUTOCONF='${SHELL} /cygdrive/d/Programming/Projects/swgemupub/MMOCoreORB/build/unix/config/missing --run autoconf'
AUTOHEADER='${SHELL} /cygdrive/d/Programming/Projects/swgemupub/MMOCoreORB/build/unix/config/missing --run autoheader'
AUTOMAKE='${SHELL} /cygdrive/d/Programming/Projects/swgemupub/MMOCoreORB/build/unix/config/missing --run automake-1.10'
AWK='gawk'
CC='gcc'
CCDEPMODE='depmode=gcc3'
CFLAGS='-g -O2'
CPPFLAGS=''
CXX='g++'
CXXDEPMODE='depmode=gcc3'
CXXFLAGS='  '
CYGPATH_W='cygpath -w'
DEFS='-DHAVE_CONFIG_H'
DEPDIR='.deps'
ECHO_C=''
ECHO_N='-n'
ECHO_T=''
EXEEXT='.exe'
INSTALL_DATA='${INSTALL} -m 644'
INSTALL_PROGRAM='${INSTALL}'
INSTALL_SCRIPT='${INSTALL}'
INSTALL_STRIP_PROGRAM='$(install_sh) -c -s'
LDFLAGS=''
LIBOBJS=''
LIBS=''
LTLIBOBJS=''
MAKEINFO='${SHELL} /cygdrive/d/Programming/Projects/swgemupub/MMOCoreORB/build/unix/config/missing --run makeinfo'
OBJEXT='o'
PACKAGE='core3'
PACKAGE_BUGREPORT=''
PACKAGE_NAME='core3'
PACKAGE_STRING='core3 1.0'
PACKAGE_TARNAME='core3'
PACKAGE_VERSION='1.0'
PATH_SEPARATOR=':'
RANLIB='ranlib'
SET_MAKE=''
SHELL='/bin/sh'
STRIP=''
SYSTEM_INCLUDES=''
SYSTEM_LIBS='-lpthread -lwsock32'
USER_INCLUDES_PATH='/usr/local/include'
USER_LIBS_PATH='/usr/local/lib'
VERSION='1.0'
ac_ct_CC='gcc'
ac_ct_CXX='g++'
am__fastdepCC_FALSE='#'
am__fastdepCC_TRUE=''
am__fastdepCXX_FALSE='#'
am__fastdepCXX_TRUE=''
am__include='include'
am__isrc=' -I$(srcdir)'
am__leading_dot='.'
am__quote=''
am__tar='${AMTAR} chof - "$$tardir"'
am__untar='${AMTAR} xf -'
bindir='${exec_prefix}/bin'
build='i686-pc-cygwin'
build_alias=''
build_cpu='i686'
build_os='cygwin'
build_vendor='pc'
datadir='${datarootdir}'
datarootdir='${prefix}/share'
docdir='${datarootdir}/doc/${PACKAGE_TARNAME}'
dvidir='${docdir}'
exec_prefix='${prefix}'
host='i686-pc-cygwin'
host_alias=''
host_cpu='i686'
host_os='cygwin'
host_vendor='pc'
htmldir='${docdir}'
includedir='${prefix}/include'
infodir='${datarootdir}/info'
install_sh='$(SHELL) /cygdrive/d/Programming/Projects/swgemupub/MMOCoreORB/build/unix/config/install-sh'
libdir='${exec_prefix}/lib'
libexecdir='${exec_prefix}/libexec'
localedir='${datarootdir}/locale'
localstatedir='${prefix}/var'
mandir='${datarootdir}/man'
mkdir_p='/usr/bin/mkdir -p'
oldincludedir='/usr/include'
pdfdir='${docdir}'
prefix='/usr/local'
program_transform_name='s,x,x,'
psdir='${docdir}'
sbindir='${exec_prefix}/sbin'
sharedstatedir='${prefix}/com'
sysconfdir='${prefix}/etc'
target='i686-pc-cygwin'
target_alias=''
target_cpu='i686'
target_os='cygwin'
target_vendor='pc'

## ----------- ##
## confdefs.h. ##
## ----------- ##

#define PACKAGE_NAME "core3"
#define PACKAGE_TARNAME "core3"
#define PACKAGE_VERSION "1.0"
#define PACKAGE_STRING "core3 1.0"
#define PACKAGE_BUGREPORT ""
#define PACKAGE "core3"
#define VERSION "1.0"

configure: exit 0
