Determining if the pthread_create exist failed with the following output:
Change Dir: /home/vagrant/workspace/MMOCoreORB/cmake-build-debug/CMakeFiles/CMakeTmp

Run Build Command:"/usr/bin/make" "cmTC_175e8/fast"
/usr/bin/make -f CMakeFiles/cmTC_175e8.dir/build.make CMakeFiles/cmTC_175e8.dir/build
make[1]: Entering directory '/home/vagrant/workspace/Core3/MMOCoreORB/cmake-build-debug/CMakeFiles/CMakeTmp'
Building C object CMakeFiles/cmTC_175e8.dir/CheckSymbolExists.c.o
/usr/bin/cc    -o CMakeFiles/cmTC_175e8.dir/CheckSymbolExists.c.o   -c /home/vagrant/workspace/MMOCoreORB/cmake-build-debug/CMakeFiles/CMakeTmp/CheckSymbolExists.c
Linking C executable cmTC_175e8
/home/vagrant/Desktop/clion-2017.3.2/bin/cmake/bin/cmake -E cmake_link_script CMakeFiles/cmTC_175e8.dir/link.txt --verbose=1
/usr/bin/cc      -rdynamic CMakeFiles/cmTC_175e8.dir/CheckSymbolExists.c.o  -o cmTC_175e8 
CMakeFiles/cmTC_175e8.dir/CheckSymbolExists.c.o: In function `main':
CheckSymbolExists.c:(.text+0x1b): undefined reference to `pthread_create'
collect2: error: ld returned 1 exit status
CMakeFiles/cmTC_175e8.dir/build.make:97: recipe for target 'cmTC_175e8' failed
make[1]: *** [cmTC_175e8] Error 1
make[1]: Leaving directory '/home/vagrant/workspace/Core3/MMOCoreORB/cmake-build-debug/CMakeFiles/CMakeTmp'
Makefile:126: recipe for target 'cmTC_175e8/fast' failed
make: *** [cmTC_175e8/fast] Error 2

File /home/vagrant/workspace/MMOCoreORB/cmake-build-debug/CMakeFiles/CMakeTmp/CheckSymbolExists.c:
/* */
#include <pthread.h>

int main(int argc, char** argv)
{
  (void)argv;
#ifndef pthread_create
  return ((int*)(&pthread_create))[argc];
#else
  (void)argc;
  return 0;
#endif
}

